<?xml version="1.0" encoding="UTF-8"?>
<testsuites>
  <testsuite name="Tests\Feature\AdminAttendancePetugasAccessTest" file="tests\Feature\AdminAttendancePetugasAccessTest.php" tests="1" assertions="19" errors="0" failures="1" skipped="0" time="2.325755">
    <testcase name="it admin can access the attendance and petugas management screens" file="tests\Feature\AdminAttendancePetugasAccessTest.php::it admin can access the attendance and petugas management screens" class="Tests\Feature\AdminAttendancePetugasAccessTest" classname="Tests.Feature.AdminAttendancePetugasAccessTest" assertions="19" time="2.325755">
      <failure type="PHPUnit\Framework\ExpectationFailedException">it admin can access the attendance and petugas management screensFailed asserting that '&lt;!DOCTYPE html&gt;\r\n
&lt;html lang="en" class="h-full bg-gray-50 dark:bg-black"&gt;\r\n
&lt;head&gt;\r\n
    &lt;meta charset="utf-8"&gt;\r\n
    &lt;meta name="viewport" content="width=device-width, initial-scale=1"&gt;\r\n
    &lt;meta name="csrf-token" content="J6E3dBYI2j2wRYAdyRHpUUcA53hYFSshD3XfP1ez"&gt;\r\n
    \r\n
    &lt;title&gt;Detail Absensi - Scoutmind&lt;/title&gt;\r\n
    \r\n
    &lt;script type="module" src="http://[::1]:5173/@vite/client" data-navigate-track="reload"&gt;&lt;/script&gt;&lt;link rel="stylesheet" href="http://[::1]:5173/resources/css/app.css" data-navigate-track="reload" /&gt;&lt;script type="module" src="http://[::1]:5173/resources/js/app.js" data-navigate-track="reload"&gt;&lt;/script&gt;\r\n
    &lt;style&gt;\r\n
        /* Hide scrollbar di sidebar tapi tetap bisa scroll */\r\n
        .nav-scrollable {\r\n
            scrollbar-width: none;\r\n
            -ms-overflow-style: none;\r\n
        }\r\n
        .nav-scrollable::-webkit-scrollbar {\r\n
            display: none;\r\n
        }\r\n
        \r\n
        /* Custom scrollbar untuk dropdown */\r\n
        .custom-scrollbar::-webkit-scrollbar { width: 4px; }\r\n
        .custom-scrollbar::-webkit-scrollbar-track { background: transparent; }\r\n
        .custom-scrollbar::-webkit-scrollbar-thumb { background: #374151; border-radius: 10px; }\r\n
        .dark .custom-scrollbar::-webkit-scrollbar-thumb { background: #1f2937; }\r\n
        \r\n
        * {\r\n
            transition: background-color 0.2s ease, border-color 0.2s ease;\r\n
        }\r\n
\r\n
        /* Sticky sidebar */\r\n
        .sidebar-sticky {\r\n
            position: sticky;\r\n
            top: 0;\r\n
            height: 100vh;\r\n
            display: flex;\r\n
            flex-direction: column;\r\n
        }\r\n
\r\n
        .nav-scrollable {\r\n
            flex: 1;\r\n
            overflow-y: auto;\r\n
            overflow-x: hidden;\r\n
        }\r\n
\r\n
        .sidebar-fixed-header,\r\n
        .sidebar-fixed-footer {\r\n
            flex-shrink: 0;\r\n
        }\r\n
\r\n
        /* Professional Sticky Navbar */\r\n
        .navbar-sticky {\r\n
            position: sticky;\r\n
            top: 0;\r\n
            z-index: 40;\r\n
            backdrop-filter: blur(16px);\r\n
            -webkit-backdrop-filter: blur(16px);\r\n
            border-bottom: 1px solid rgba(229, 231, 235, 0.6);\r\n
        }\r\n
\r\n
        .dark .navbar-sticky {\r\n
            border-bottom: 1px solid rgba(31, 41, 55, 0.6);\r\n
        }\r\n
\r\n
        /* Theme toggle active state */\r\n
        .theme-btn-active {\r\n
            background-color: white !important;\r\n
            color: #111827 !important;\r\n
            box-shadow: 0 1px 2px 0 rgba(0, 0, 0, 0.05);\r\n
        }\r\n
\r\n
        .dark .theme-btn-active {\r\n
            background-color: #1f2937 !important;\r\n
            color: #f9fafb !important;\r\n
            box-shadow: 0 1px 2px 0 rgba(0, 0, 0, 0.3);\r\n
        }\r\n
\r\n
    &lt;/style&gt;\r\n
&lt;/head&gt;\r\n
&lt;body id="admin-shell" class="h-full font-sans antialiased text-gray-800 dark:text-gray-200" x-data="{ fullscreen: false }"&gt;\r\n
\r\n
    &lt;div class="min-h-full flex"&gt;\r\n
        \r\n
        &lt;!-- ================= SIDEBAR ================= --&gt;\r\n
        &lt;aside class="hidden lg:flex lg:flex-shrink-0"&gt;\r\n
            &lt;div class="sidebar-sticky w-60 border-r border-gray-200 dark:border-gray-800 bg-white dark:bg-[#0a0a0a]"&gt;\r\n
                \r\n
                &lt;div class="sidebar-fixed-header h-14 flex items-center px-5 border-b border-gray-200 dark:border-gray-800"&gt;\r\n
                    &lt;div class="flex items-center space-x-2.5"&gt;\r\n
                        &lt;div class="w-7 h-7 rounded-lg bg-emerald-600 flex items-center justify-center text-white font-bold text-xs shadow-sm shadow-emerald-500/30"&gt;S&lt;/div&gt;\r\n
                        &lt;div&gt;\r\n
                            &lt;p class="text-sm font-semibold text-gray-900 dark:text-white"&gt;Scoutmind&lt;/p&gt;\r\n
                            &lt;p class="text-[10px] text-gray-500 dark:text-gray-500"&gt;Admin Panel&lt;/p&gt;\r\n
                        &lt;/div&gt;\r\n
                    &lt;/div&gt;\r\n
                &lt;/div&gt;\r\n
\r\n
                &lt;nav class="nav-scrollable custom-scrollbar px-3 py-4"&gt;\r\n
                    \r\n
                    &lt;ul class="space-y-0.5"&gt;\r\n
                                                                                                                    &lt;li&gt;\r\n
                                    &lt;a href="http://localhost:8000/admin" \r\n
                                       class="group flex items-center px-2.5 py-2 text-xs font-medium rounded-md transition-all duration-150 \r\n
                                       text-gray-600 hover:bg-gray-100 hover:text-gray-900 dark:text-gray-400 dark:hover:bg-gray-900 dark:hover:text-gray-200"&gt;\r\n
                                        &lt;svg class="mr-2.5 h-4 w-4 flex-shrink-0 text-gray-400 group-hover:text-gray-500 dark:group-hover:text-gray-300" xmlns="http://www.w3.org/2000/svg" viewBox="0 0 24 24" fill="none" stroke="currentColor" stroke-width="1.5" stroke-linecap="round" stroke-linejoin="round"&gt;\r\n
                                            &lt;path d="M3.75 6A2.25 2.25 0 016 3.75h2.25A2.25 2.25 0 0110.5 6v2.25a2.25 2.25 0 01-2.25 2.25H6a2.25 2.25 0 01-2.25-2.25V6zM3.75 15.75A2.25 2.25 0 016 13.5h2.25a2.25 2.25 0 012.25 2.25V18a2.25 2.25 0 01-2.25 2.25H6A2.25 2.25 0 013.75 18v-2.25zM13.5 6a2.25 2.25 0 012.25-2.25H18A2.25 2.25 0 0120.25 6v2.25A2.25 2.25 0 0118 10.5h-2.25a2.25 2.25 0 01-2.25-2.25V6zM13.5 15.75a2.25 2.25 0 012.25-2.25H18a2.25 2.25 0 012.25 2.25V18A2.25 2.25 0 0118 20.25h-2.25A2.25 2.25 0 0113.5 18v-2.25z"/&gt;\r\n
                                        &lt;/svg&gt;\r\n
                                        Dashboard\r\n
                                    &lt;/a&gt;\r\n
                                &lt;/li&gt;\r\n
                                                                                                                                                &lt;li&gt;\r\n
                                    &lt;a href="http://localhost:8000/admin/news" \r\n
                                       class="group flex items-center px-2.5 py-2 text-xs font-medium rounded-md transition-all duration-150 \r\n
                                       text-gray-600 hover:bg-gray-100 hover:text-gray-900 dark:text-gray-400 dark:hover:bg-gray-900 dark:hover:text-gray-200"&gt;\r\n
                                        &lt;svg class="mr-2.5 h-4 w-4 flex-shrink-0 text-gray-400 group-hover:text-gray-500 dark:group-hover:text-gray-300" xmlns="http://www.w3.org/2000/svg" viewBox="0 0 24 24" fill="none" stroke="currentColor" stroke-width="1.5" stroke-linecap="round" stroke-linejoin="round"&gt;\r\n
                                            &lt;path d="M12 7.5h1.5m-1.5 3h1.5m-7.5 3h7.5m-7.5 3h7.5m3-9h3.375c.621 0 1.125.504 1.125 1.125V18a2.25 2.25 0 01-2.25 2.25M16.5 7.5V18a2.25 2.25 0 002.25 2.25M16.5 7.5V4.875c0-.621-.504-1.125-1.125-1.125H4.125C3.504 3.75 3 4.254 3 4.875V18a2.25 2.25 0 002.25 2.25h13.5"/&gt;\r\n
                                        &lt;/svg&gt;\r\n
                                        Berita\r\n
                                    &lt;/a&gt;\r\n
                                &lt;/li&gt;\r\n
                                                                                                                                                &lt;li&gt;\r\n
                                    &lt;a href="http://localhost:8000/admin/agenda" \r\n
                                       class="group flex items-center px-2.5 py-2 text-xs font-medium rounded-md transition-all duration-150 \r\n
                                       text-gray-600 hover:bg-gray-100 hover:text-gray-900 dark:text-gray-400 dark:hover:bg-gray-900 dark:hover:text-gray-200"&gt;\r\n
                                        &lt;svg class="mr-2.5 h-4 w-4 flex-shrink-0 text-gray-400 group-hover:text-gray-500 dark:group-hover:text-gray-300" xmlns="http://www.w3.org/2000/svg" viewBox="0 0 24 24" fill="none" stroke="currentColor" stroke-width="1.5" stroke-linecap="round" stroke-linejoin="round"&gt;\r\n
                                            &lt;path d="M6.75 3v2.25M17.25 3v2.25M3 18.75V7.5a2.25 2.25 0 012.25-2.25h13.5A2.25 2.25 0 0121 7.5v11.25m-18 0A2.25 2.25 0 005.25 21h13.5A2.25 2.25 0 0021 18.75m-18 0v-7.5A2.25 2.25 0 015.25 9h13.5A2.25 2.25 0 0121 11.25v7.5"/&gt;\r\n
                                        &lt;/svg&gt;\r\n
                                        Agenda\r\n
                                    &lt;/a&gt;\r\n
                                &lt;/li&gt;\r\n
                                                                                                                &lt;li class="pt-4 pb-1.5"&gt;\r\n
                                    &lt;p class="px-2.5 text-[10px] font-semibold text-gray-400 dark:text-gray-600 uppercase tracking-wider"&gt;\r\n
                                        Administrasi\r\n
                                    &lt;/p&gt;\r\n
                                &lt;/li&gt;\r\n
                                                                                                                                                &lt;li&gt;\r\n
                                    &lt;a href="http://localhost:8000/admin/absensi" \r\n
                                       class="group flex items-center px-2.5 py-2 text-xs font-medium rounded-md transition-all duration-150 \r\n
                                       text-gray-600 hover:bg-gray-100 hover:text-gray-900 dark:text-gray-400 dark:hover:bg-gray-900 dark:hover:text-gray-200"&gt;\r\n
                                        &lt;svg class="mr-2.5 h-4 w-4 flex-shrink-0 text-gray-400 group-hover:text-gray-500 dark:group-hover:text-gray-300" xmlns="http://www.w3.org/2000/svg" viewBox="0 0 24 24" fill="none" stroke="currentColor" stroke-width="1.5" stroke-linecap="round" stroke-linejoin="round"&gt;\r\n
                                            &lt;path d="M9 12h3.75M9 15h3.75M9 18h3.75m3 .75H18a2.25 2.25 0 002.25-2.25V6.108c0-1.135-.845-2.098-1.976-2.192a48.424 48.424 0 00-1.123-.08m-5.801 0c-.065.21-.1.433-.1.664 0 .414.336.75.75.75h4.5a.75.75 0 00.75-.75 2.25 2.25 0 00-.1-.664m-5.8 0A2.251 2.251 0 0113.5 2.25H15c1.012 0 1.867.668 2.15 1.586m-5.8 0c-.376.023-.75.05-1.124.08C9.095 4.01 8.25 4.973 8.25 6.108V8.25m8.25-2.142V5.25"/&gt;\r\n
                                        &lt;/svg&gt;\r\n
                                        Absensi\r\n
                                    &lt;/a&gt;\r\n
                                &lt;/li&gt;\r\n
                                                                                                                                                &lt;li&gt;\r\n
                                    &lt;a href="http://localhost:8000/admin/petugas" \r\n
                                       class="group flex items-center px-2.5 py-2 text-xs font-medium rounded-md transition-all duration-150 \r\n
                                       text-gray-600 hover:bg-gray-100 hover:text-gray-900 dark:text-gray-400 dark:hover:bg-gray-900 dark:hover:text-gray-200"&gt;\r\n
                                        &lt;svg class="mr-2.5 h-4 w-4 flex-shrink-0 text-gray-400 group-hover:text-gray-500 dark:group-hover:text-gray-300" xmlns="http://www.w3.org/2000/svg" viewBox="0 0 24 24" fill="none" stroke="currentColor" stroke-width="1.5" stroke-linecap="round" stroke-linejoin="round"&gt;\r\n
                                            &lt;path d="M15.75 6a3.75 3.75 0 11-7.5 0 3.75 3.75 0 017.5 0zM4.501 20.118a7.5 7.5 0 0114.998 0A17.933 17.933 0 0112 21.75c-2.676 0-5.216-.584-7.499-1.632z"/&gt;\r\n
                                        &lt;/svg&gt;\r\n
                                        Petugas\r\n
                                    &lt;/a&gt;\r\n
                                &lt;/li&gt;\r\n
                                                                                                                                                &lt;li&gt;\r\n
                                    &lt;a href="http://localhost:8000/admin/pendaftaran" \r\n
                                       class="group flex items-center px-2.5 py-2 text-xs font-medium rounded-md transition-all duration-150 \r\n
                                       text-gray-600 hover:bg-gray-100 hover:text-gray-900 dark:text-gray-400 dark:hover:bg-gray-900 dark:hover:text-gray-200"&gt;\r\n
                                        &lt;svg class="mr-2.5 h-4 w-4 flex-shrink-0 text-gray-400 group-hover:text-gray-500 dark:group-hover:text-gray-300" xmlns="http://www.w3.org/2000/svg" viewBox="0 0 24 24" fill="none" stroke="currentColor" stroke-width="1.5" stroke-linecap="round" stroke-linejoin="round"&gt;\r\n
                                            &lt;path d="M19.5 14.25v-2.625a3.375 3.375 0 00-3.375-3.375h-1.5A1.125 1.125 0 0113.5 7.125v-1.5a3.375 3.375 0 00-3.375-3.375H8.25m0 12.75h7.5m-7.5 3H12M10.5 2.25H5.625c-.621 0-1.125.504-1.125 1.125v17.25c0 .621.504 1.125 1.125 1.125h12.75c.621 0 1.125-.504 1.125-1.125V11.25a9 9 0 00-9-9z"/&gt;\r\n
                                        &lt;/svg&gt;\r\n
                                        Pendaftaran Bantara\r\n
                                    &lt;/a&gt;\r\n
                                &lt;/li&gt;\r\n
                                                                                                                                                &lt;li&gt;\r\n
                                    &lt;a href="http://localhost:8000/admin/pendaftaran-laksana" \r\n
                                       class="group flex items-center px-2.5 py-2 text-xs font-medium rounded-md transition-all duration-150 \r\n
                                       text-gray-600 hover:bg-gray-100 hover:text-gray-900 dark:text-gray-400 dark:hover:bg-gray-900 dark:hover:text-gray-200"&gt;\r\n
                                        &lt;svg class="mr-2.5 h-4 w-4 flex-shrink-0 text-gray-400 group-hover:text-gray-500 dark:group-hover:text-gray-300" xmlns="http://www.w3.org/2000/svg" viewBox="0 0 24 24" fill="none" stroke="currentColor" stroke-width="1.5" stroke-linecap="round" stroke-linejoin="round"&gt;\r\n
                                            &lt;path d="M11.35 3.836c-.065.21-.1.433-.1.664 0 .414.336.75.75.75h4.5a.75.75 0 00.75-.75 2.25 2.25 0 00-.1-.664m-5.8 0A2.251 2.251 0 0111.25 2.25h1.5c1.012 0 1.867.668 2.15 1.586m-5.8 0c-.376.023-.75.05-1.124.08C6.845 4.01 6 4.973 6 6.108V8.25m8.25-2.142V5.25"/&gt;\r\n
                                        &lt;/svg&gt;\r\n
                                        Pendaftaran Laksana\r\n
                                    &lt;/a&gt;\r\n
                                &lt;/li&gt;\r\n
                                                                                                                                                &lt;li&gt;\r\n
                                    &lt;a href="http://localhost:8000/admin/gallery" \r\n
                                       class="group flex items-center px-2.5 py-2 text-xs font-medium rounded-md transition-all duration-150 \r\n
                                       text-gray-600 hover:bg-gray-100 hover:text-gray-900 dark:text-gray-400 dark:hover:bg-gray-900 dark:hover:text-gray-200"&gt;\r\n
                                        &lt;svg class="mr-2.5 h-4 w-4 flex-shrink-0 text-gray-400 group-hover:text-gray-500 dark:group-hover:text-gray-300" xmlns="http://www.w3.org/2000/svg" viewBox="0 0 24 24" fill="none" stroke="currentColor" stroke-width="1.5" stroke-linecap="round" stroke-linejoin="round"&gt;\r\n
                                            &lt;path d="M2.25 15.75l5.159-5.159a2.25 2.25 0 013.182 0l5.159 5.159m-1.5-1.5l1.409-1.409a2.25 2.25 0 013.182 0l2.909 2.909m-18 3.75h16.5a1.5 1.5 0 001.5-1.5V6a1.5 1.5 0 00-1.5-1.5H3.75A1.5 1.5 0 002.25 6v12a1.5 1.5 0 001.5 1.5zm10.5-11.25h.008v.008h-.008V8.25zm.375 0a.375.375 0 11-.75 0 .375.375 0 01.75 0z"/&gt;\r\n
                                        &lt;/svg&gt;\r\n
                                        Galeri\r\n
                                    &lt;/a&gt;\r\n
                                &lt;/li&gt;\r\n
                                                                                                                                                &lt;li&gt;\r\n
                                    &lt;a href="http://localhost:8000/admin/prestasi" \r\n
                                       class="group flex items-center px-2.5 py-2 text-xs font-medium rounded-md transition-all duration-150 \r\n
                                       text-gray-600 hover:bg-gray-100 hover:text-gray-900 dark:text-gray-400 dark:hover:bg-gray-900 dark:hover:text-gray-200"&gt;\r\n
                                        &lt;svg class="mr-2.5 h-4 w-4 flex-shrink-0 text-gray-400 group-hover:text-gray-500 dark:group-hover:text-gray-300" xmlns="http://www.w3.org/2000/svg" viewBox="0 0 24 24" fill="none" stroke="currentColor" stroke-width="1.5" stroke-linecap="round" stroke-linejoin="round"&gt;\r\n
                                            &lt;path d="M16.5 18.75h-9m9 0a3 3 0 013 3h-15a3 3 0 013-3m9 0v-3.375c0-.621-.504-1.125-1.125-1.125h-6.75a1.125 1.125 0 00-1.125 1.125V18.75m9.75-14.25c0-.621-.504-1.125-1.125-1.125H8.25C7.629 3.375 7.125 3.879 7.125 4.5v3a5.25 5.25 0 0010.5 0v-3z"/&gt;\r\n
                                        &lt;/svg&gt;\r\n
                                        Prestasi\r\n
                                    &lt;/a&gt;\r\n
                                &lt;/li&gt;\r\n
                                                                                                                                                &lt;li&gt;\r\n
                                    &lt;a href="http://localhost:8000/admin/pembina" \r\n
                                       class="group flex items-center px-2.5 py-2 text-xs font-medium rounded-md transition-all duration-150 \r\n
                                       text-gray-600 hover:bg-gray-100 hover:text-gray-900 dark:text-gray-400 dark:hover:bg-gray-900 dark:hover:text-gray-200"&gt;\r\n
                                        &lt;svg class="mr-2.5 h-4 w-4 flex-shrink-0 text-gray-400 group-hover:text-gray-500 dark:group-hover:text-gray-300" xmlns="http://www.w3.org/2000/svg" viewBox="0 0 24 24" fill="none" stroke="currentColor" stroke-width="1.5" stroke-linecap="round" stroke-linejoin="round"&gt;\r\n
                                            &lt;path d="M15.75 6a3.75 3.75 0 11-7.5 0 3.75 3.75 0 017.5 0zM4.501 20.118a7.5 7.5 0 0114.998 0A17.933 17.933 0 0112 21.75c-2.676 0-5.216-.584-7.499-1.632z"/&gt;\r\n
                                        &lt;/svg&gt;\r\n
                                        Pembina\r\n
                                    &lt;/a&gt;\r\n
                                &lt;/li&gt;\r\n
                                                                                                                                                &lt;li&gt;\r\n
                                    &lt;a href="http://localhost:8000/admin/dewan-ambalan" \r\n
                                       class="group flex items-center px-2.5 py-2 text-xs font-medium rounded-md transition-all duration-150 \r\n
                                       text-gray-600 hover:bg-gray-100 hover:text-gray-900 dark:text-gray-400 dark:hover:bg-gray-900 dark:hover:text-gray-200"&gt;\r\n
                                        &lt;svg class="mr-2.5 h-4 w-4 flex-shrink-0 text-gray-400 group-hover:text-gray-500 dark:group-hover:text-gray-300" xmlns="http://www.w3.org/2000/svg" viewBox="0 0 24 24" fill="none" stroke="currentColor" stroke-width="1.5" stroke-linecap="round" stroke-linejoin="round"&gt;\r\n
                                            &lt;path d="M18 18.72a9.094 9.094 0 003.741-.479 3 3 0 00-4.682-2.72m.94 3.198l.001.031c0 .225-.012.447-.037.666A11.944 11.944 0 0112 21c-2.17 0-4.207-.576-5.963-1.584A6.062 6.062 0 016 18.719m12 0a5.971 5.971 0 00-.941-3.197m0 0A5.995 5.995 0 0012 12.75a5.995 5.995 0 00-5.058 2.772m0 0a6.002 6.002 0 00-.94 3.197M12 12.75a3.75 3.75 0 100-7.5 3.75 3.75 0 000 7.5z"/&gt;\r\n
                                        &lt;/svg&gt;\r\n
                                        Dewan Ambalan\r\n
                                    &lt;/a&gt;\r\n
                                &lt;/li&gt;\r\n
                                                                                                                                                &lt;li&gt;\r\n
                                    &lt;a href="http://localhost:8000/admin/anggota" \r\n
                                       class="group flex items-center px-2.5 py-2 text-xs font-medium rounded-md transition-all duration-150 \r\n
                                       text-gray-600 hover:bg-gray-100 hover:text-gray-900 dark:text-gray-400 dark:hover:bg-gray-900 dark:hover:text-gray-200"&gt;\r\n
                                        &lt;svg class="mr-2.5 h-4 w-4 flex-shrink-0 text-gray-400 group-hover:text-gray-500 dark:group-hover:text-gray-300" xmlns="http://www.w3.org/2000/svg" viewBox="0 0 24 24" fill="none" stroke="currentColor" stroke-width="1.5" stroke-linecap="round" stroke-linejoin="round"&gt;\r\n
                                            &lt;path d="M18 18.72a9.094 9.094 0 003.741-.479 3 3 0 00-4.682-2.72m.94 3.198l.001.031c0 .225-.012.447-.037.666A11.944 11.944 0 0112 21c-2.17 0-4.207-.576-5.963-1.584A6.062 6.062 0 016 18.719m12 0a5.971 5.971 0 00-.941-3.197m0 0A5.995 5.995 0 0012 12.75a5.995 5.995 0 00-5.058 2.772m0 0a6.002 6.002 0 00-.94 3.197M12 12.75a3.75 3.75 0 100-7.5 3.75 3.75 0 000 7.5z"/&gt;\r\n
                                        &lt;/svg&gt;\r\n
                                        Anggota Dewan\r\n
                                    &lt;/a&gt;\r\n
                                &lt;/li&gt;\r\n
                                                                                                                                                &lt;li&gt;\r\n
                                    &lt;a href="http://localhost:8000/admin/mitra" \r\n
                                       class="group flex items-center px-2.5 py-2 text-xs font-medium rounded-md transition-all duration-150 \r\n
                                       text-gray-600 hover:bg-gray-100 hover:text-gray-900 dark:text-gray-400 dark:hover:bg-gray-900 dark:hover:text-gray-200"&gt;\r\n
                                        &lt;svg class="mr-2.5 h-4 w-4 flex-shrink-0 text-gray-400 group-hover:text-gray-500 dark:group-hover:text-gray-300" xmlns="http://www.w3.org/2000/svg" viewBox="0 0 24 24" fill="none" stroke="currentColor" stroke-width="1.5" stroke-linecap="round" stroke-linejoin="round"&gt;\r\n
                                            &lt;path d="M5.25 6.75A2.25 2.25 0 017.5 4.5h9a2.25 2.25 0 012.25 2.25v10.5A2.25 2.25 0 0116.5 19.5h-9a2.25 2.25 0 01-2.25-2.25V6.75zm2.25 1.5h6.75m-6.75 3h9m-9 3h4.5"/&gt;\r\n
                                        &lt;/svg&gt;\r\n
                                        Mitra\r\n
                                    &lt;/a&gt;\r\n
                                &lt;/li&gt;\r\n
                                                                                                                                                &lt;li&gt;\r\n
                                    &lt;a href="http://localhost:8000/admin/alumni" \r\n
                                       class="group flex items-center px-2.5 py-2 text-xs font-medium rounded-md transition-all duration-150 \r\n
                                       text-gray-600 hover:bg-gray-100 hover:text-gray-900 dark:text-gray-400 dark:hover:bg-gray-900 dark:hover:text-gray-200"&gt;\r\n
                                        &lt;svg class="mr-2.5 h-4 w-4 flex-shrink-0 text-gray-400 group-hover:text-gray-500 dark:group-hover:text-gray-300" xmlns="http://www.w3.org/2000/svg" viewBox="0 0 24 24" fill="none" stroke="currentColor" stroke-width="1.5" stroke-linecap="round" stroke-linejoin="round"&gt;\r\n
                                            &lt;path d="M15.75 6a3.75 3.75 0 11-7.5 0 3.75 3.75 0 017.5 0zM4.501 20.118a7.5 7.5 0 0114.998 0A17.933 17.933 0 0112 21.75c-2.676 0-5.216-.584-7.499-1.632z"/&gt;\r\n
                                        &lt;/svg&gt;\r\n
                                        Alumni\r\n
                                    &lt;/a&gt;\r\n
                                &lt;/li&gt;\r\n
                                                                                                                                                &lt;li&gt;\r\n
                                    &lt;a href="http://localhost:8000/admin/comments" \r\n
                                       class="group flex items-center px-2.5 py-2 text-xs font-medium rounded-md transition-all duration-150 \r\n
                                       text-gray-600 hover:bg-gray-100 hover:text-gray-900 dark:text-gray-400 dark:hover:bg-gray-900 dark:hover:text-gray-200"&gt;\r\n
                                        &lt;svg class="mr-2.5 h-4 w-4 flex-shrink-0 text-gray-400 group-hover:text-gray-500 dark:group-hover:text-gray-300" xmlns="http://www.w3.org/2000/svg" viewBox="0 0 24 24" fill="none" stroke="currentColor" stroke-width="1.5" stroke-linecap="round" stroke-linejoin="round"&gt;\r\n
                                            &lt;path d="M7.5 8.25h9m-9 3H12m-9.75 1.51c0 1.6 1.123 2.994 2.707 3.227 1.129.166 2.27.293 3.423.379.35.026.67.21.865.501L12 21l2.755-4.133a1.14 1.14 0 01.865-.501 48.172 48.172 0 003.423-.379c1.584-.233 2.707-1.626 2.707-3.228V6.741c0-1.602-1.123-2.995-2.707-3.228A48.394 48.394 0 0012 3c-2.392 0-4.744.175-7.043.513C3.373 3.746 2.25 5.14 2.25 6.741v6.018z"/&gt;\r\n
                                        &lt;/svg&gt;\r\n
                                        Komentar\r\n
                                    &lt;/a&gt;\r\n
                                &lt;/li&gt;\r\n
                                                                                                                                                &lt;li&gt;\r\n
                                    &lt;a href="http://localhost:8000/admin/users" \r\n
                                       class="group flex items-center px-2.5 py-2 text-xs font-medium rounded-md transition-all duration-150 \r\n
                                       text-gray-600 hover:bg-gray-100 hover:text-gray-900 dark:text-gray-400 dark:hover:bg-gray-900 dark:hover:text-gray-200"&gt;\r\n
                                        &lt;svg class="mr-2.5 h-4 w-4 flex-shrink-0 text-gray-400 group-hover:text-gray-500 dark:group-hover:text-gray-300" xmlns="http://www.w3.org/2000/svg" viewBox="0 0 24 24" fill="none" stroke="currentColor" stroke-width="1.5" stroke-linecap="round" stroke-linejoin="round"&gt;\r\n
                                            &lt;path d="M15.75 6a3.75 3.75 0 11-7.5 0 3.75 3.75 0 017.5 0zM4.501 20.118a7.5 7.5 0 0114.998 0A17.933 17.933 0 0112 21.75c-2.676 0-5.216-.584-7.499-1.632z"/&gt;\r\n
                                        &lt;/svg&gt;\r\n
                                        Pengguna\r\n
                                    &lt;/a&gt;\r\n
                                &lt;/li&gt;\r\n
                                                                                                                                                &lt;li&gt;\r\n
                                    &lt;a href="http://localhost:8000/admin/settings" \r\n
                                       class="group flex items-center px-2.5 py-2 text-xs font-medium rounded-md transition-all duration-150 \r\n
                                       text-gray-600 hover:bg-gray-100 hover:text-gray-900 dark:text-gray-400 dark:hover:bg-gray-900 dark:hover:text-gray-200"&gt;\r\n
                                        &lt;svg class="mr-2.5 h-4 w-4 flex-shrink-0 text-gray-400 group-hover:text-gray-500 dark:group-hover:text-gray-300" xmlns="http://www.w3.org/2000/svg" viewBox="0 0 24 24" fill="none" stroke="currentColor" stroke-width="1.5" stroke-linecap="round" stroke-linejoin="round"&gt;\r\n
                                            &lt;path d="M9.594 3.94c.09-.542.56-.94 1.11-.94h2.593c.55 0 1.02.398 1.11.94l.213 1.281c.063.374.313.686.645.87.074.04.147.083.22.127.325.196.72.257 1.075.124l1.217-.456a1.125 1.125 0 011.37.49l1.296 2.247a1.125 1.125 0 01-.26 1.431l-1.003.827c-.293.241-.438.613-.43.992a7.723 7.723 0 010 .255c-.008.378.137.75.43.991l1.004.827c.424.35.534.955.26 1.43l-1.298 2.247a1.125 1.125 0 01-1.369.491l-1.217-.456c-.355-.133-.75-.072-1.076.124a6.47 6.47 0 01-.22.128c-.331.183-.581.495-.644.869l-.213 1.281c-.09.543-.56.94-1.11.94h-2.594c-.55 0-1.019-.398-1.11-.94l-.213-1.281c-.062-.374-.312-.686-.644-.87a6.52 6.52 0 01-.22-.127c-.325-.196-.72-.257-1.076-.124l-1.217.456a1.125 1.125 0 01-1.369-.49l-1.297-2.247a1.125 1.125 0 01.26-1.431l1.004-.827c.292-.24.437-.613.43-.991a6.932 6.932 0 010-.255c.007-.38-.138-.751-.43-.992l-1.004-.827a1.125 1.125 0 01-.26-1.43l1.297-2.247a1.125 1.125 0 011.37-.491l1.216.456c.356.133.751.072 1.076-.124.072-.044.146-.086.22-.128.332-.183.582-.495.644-.869l.214-1.281z M15 12a3 3 0 11-6 0 3 3 0 016 0z"/&gt;\r\n
                                        &lt;/svg&gt;\r\n
                                        Pengaturan\r\n
                                    &lt;/a&gt;\r\n
                                &lt;/li&gt;\r\n
                                                                        &lt;/ul&gt;\r\n
                &lt;/nav&gt;\r\n
\r\n
                &lt;div class="sidebar-fixed-footer border-t border-gray-200 dark:border-gray-800 px-3 py-3"&gt;\r\n
                    &lt;div class="flex items-center space-x-2.5"&gt;\r\n
                        &lt;div class="flex-shrink-0"&gt;\r\n
                            &lt;div class="w-8 h-8 rounded-full bg-gradient-to-br from-emerald-500 to-green-600 flex items-center justify-center text-white text-xs font-bold shadow-sm"&gt;\r\n
                                A\r\n
                            &lt;/div&gt;\r\n
                        &lt;/div&gt;\r\n
                        &lt;div class="flex-1 min-w-0"&gt;\r\n
                            &lt;p class="text-xs font-semibold text-gray-900 dark:text-white truncate"&gt;Administrator&lt;/p&gt;\r\n
                            &lt;p class="text-[10px] text-gray-500 dark:text-gray-500 truncate"&gt;Scoutmind Admin&lt;/p&gt;\r\n
                        &lt;/div&gt;\r\n
                        &lt;form method="POST" action="http://localhost:8000/logout"&gt;\r\n
                            &lt;input type="hidden" name="_token" value="J6E3dBYI2j2wRYAdyRHpUUcA53hYFSshD3XfP1ez" autocomplete="off"&gt;                            &lt;button type="submit" class="p-1.5 text-gray-400 hover:text-red-500 dark:hover:text-red-400 hover:bg-red-50 dark:hover:bg-red-950/20 rounded-md transition-colors" title="Logout"&gt;\r\n
                                &lt;svg class="w-4 h-4" fill="none" stroke="currentColor" viewBox="0 0 24 24"&gt;\r\n
                                    &lt;path stroke-linecap="round" stroke-linejoin="round" stroke-width="1.5" d="M17 16l4-4m0 0l-4-4m4 4H7m6 4v1a3 3 0 01-3 3H6a3 3 0 01-3-3V7a3 3 0 013-3h4a3 3 0 013 3v1" /&gt;\r\n
                                &lt;/svg&gt;\r\n
                            &lt;/button&gt;\r\n
                        &lt;/form&gt;\r\n
                    &lt;/div&gt;\r\n
                &lt;/div&gt;\r\n
            &lt;/div&gt;\r\n
        &lt;/aside&gt;\r\n
\r\n
        &lt;!-- ================= MAIN CONTENT ================= --&gt;\r\n
        &lt;div class="flex flex-col flex-1 overflow-hidden"&gt;\r\n
            \r\n
            &lt;!-- Professional Sticky Navbar --&gt;\r\n
            &lt;header class="navbar-sticky h-16 flex items-center justify-between px-6 bg-white/90 dark:bg-[#0a0a0a]/90"&gt;\r\n
                \r\n
                &lt;!-- Left: Breadcrumb &amp; Page Title --&gt;\r\n
                &lt;div class="flex items-center space-x-4 flex-1 min-w-0"&gt;\r\n
                    &lt;nav class="hidden md:flex items-center space-x-2 text-xs"&gt;\r\n
                        &lt;a href="http://localhost:8000/admin" class="flex items-center text-gray-400 hover:text-gray-600 dark:hover:text-gray-300 transition-colors"&gt;\r\n
                            &lt;svg class="w-3.5 h-3.5" fill="none" stroke="currentColor" viewBox="0 0 24 24"&gt;\r\n
                                &lt;path stroke-linecap="round" stroke-linejoin="round" stroke-width="2" d="M3 12l2-2m0 0l7-7 7 7M5 10v10a1 1 0 001 1h3m10-11l2 2m-2-2v10a1 1 0 01-1 1h-3m-6 0a1 1 0 001-1v-4a1 1 0 011-1h2a1 1 0 011 1v4a1 1 0 001 1m-6 0h6" /&gt;\r\n
                            &lt;/svg&gt;\r\n
                        &lt;/a&gt;\r\n
                        &lt;svg class="w-3 h-3 text-gray-300 dark:text-gray-700" fill="none" stroke="currentColor" viewBox="0 0 24 24"&gt;\r\n
                            &lt;path stroke-linecap="round" stroke-linejoin="round" stroke-width="2" d="M9 5l7 7-7 7" /&gt;\r\n
                        &lt;/svg&gt;\r\n
                        &lt;span class="font-semibold text-gray-900 dark:text-white truncate"&gt;\r\n
                            Dashboard                        &lt;/span&gt;\r\n
                    &lt;/nav&gt;\r\n
                &lt;/div&gt;\r\n
\r\n
                &lt;!-- Right: Actions --&gt;\r\n
                &lt;div class="flex items-center space-x-2"&gt;\r\n
                    \r\n
                    &lt;!-- Theme Toggle --&gt;\r\n
                    &lt;div class="flex items-center bg-gray-100 dark:bg-gray-900 p-1 rounded-lg border border-gray-200 dark:border-gray-800"&gt;\r\n
                        &lt;button id="theme-light" class="theme-btn px-2.5 py-1 text-[10px] font-semibold rounded-md transition-all"&gt;\r\n
                            &lt;svg class="w-3 h-3 inline" fill="none" stroke="currentColor" viewBox="0 0 24 24"&gt;\r\n
                                &lt;path stroke-linecap="round" stroke-linejoin="round" stroke-width="2" d="M12 3v1m0 16v1m9-9h-1M4 12H3m15.364 6.364l-.707-.707M6.343 6.343l-.707-.707m12.728 0l-.707.707M6.343 17.657l-.707.707M16 12a4 4 0 11-8 0 4 4 0 018 0z" /&gt;\r\n
                            &lt;/svg&gt;\r\n
                        &lt;/button&gt;\r\n
                        &lt;button id="theme-dark" class="theme-btn px-2.5 py-1 text-[10px] font-semibold rounded-md transition-all"&gt;\r\n
                            &lt;svg class="w-3 h-3 inline" fill="none" stroke="currentColor" viewBox="0 0 24 24"&gt;\r\n
                                &lt;path stroke-linecap="round" stroke-linejoin="round" stroke-width="2" d="M20.354 15.354A9 9 0 018.646 3.646 9.003 9.003 0 0012 21a9.003 9.003 0 008.354-5.646z" /&gt;\r\n
                            &lt;/svg&gt;\r\n
                        &lt;/button&gt;\r\n
                    &lt;/div&gt;\r\n
\r\n
                    &lt;!-- Fullscreen Toggle --&gt;\r\n
                    &lt;button @click="toggleFullscreen()" class="p-2 text-gray-500 hover:text-gray-700 dark:text-gray-400 dark:hover:text-gray-200 rounded-lg hover:bg-gray-100 dark:hover:bg-gray-900 transition-colors" title="Fullscreen"&gt;\r\n
                        &lt;svg x-show="!fullscreen" class="w-4 h-4" fill="none" stroke="currentColor" viewBox="0 0 24 24"&gt;\r\n
                            &lt;path stroke-linecap="round" stroke-linejoin="round" stroke-width="1.5" d="M4 8V4m0 0h4M4 4l5 5m11-1V4m0 0h-4m4 0l-5 5M4 16v4m0 0h4m-4 0l5-5m11 5l-5-5m5 5v-4m0 4h-4" /&gt;\r\n
                        &lt;/svg&gt;\r\n
                        &lt;svg x-show="fullscreen" class="w-4 h-4" fill="none" stroke="currentColor" viewBox="0 0 24 24"&gt;\r\n
                            &lt;path stroke-linecap="round" stroke-linejoin="round" stroke-width="1.5" d="M9 9V4.5M9 9H4.5M9 9L3.75 3.75M9 15v4.5M9 15H4.5M9 15l-5.25 5.25M15 9h4.5M15 9V4.5M15 9l5.25-5.25M15 15h4.5M15 15v4.5m0-4.5l5.25 5.25" /&gt;\r\n
                        &lt;/svg&gt;\r\n
                    &lt;/button&gt;\r\n
\r\n
                    &lt;!-- Notifications --&gt;\r\n
                    &lt;div class="relative" x-data="{ open: false }" @click.away="open = false"&gt;\r\n
                        &lt;button @click="open = !open" class="relative p-2 text-gray-500 hover:text-gray-700 dark:text-gray-400 dark:hover:text-gray-200 rounded-lg hover:bg-gray-100 dark:hover:bg-gray-900 transition-colors"&gt;\r\n
                            &lt;svg class="w-4 h-4" fill="none" stroke="currentColor" viewBox="0 0 24 24"&gt;\r\n
                                &lt;path stroke-linecap="round" stroke-linejoin="round" stroke-width="1.5" d="M15 17h5l-1.405-1.405A2.032 2.032 0 0118 14.158V11a6.002 6.002 0 00-4-5.659V5a2 2 0 10-4 0v.341C7.67 6.165 6 8.388 6 11v3.159c0 .538-.214 1.055-.595 1.436L4 17h5m6 0v1a3 3 0 11-6 0v-1m6 0H9" /&gt;\r\n
                            &lt;/svg&gt;\r\n
                                                    &lt;/button&gt;\r\n
\r\n
                        &lt;div x-show="open" x-cloak class="hidden absolute right-0 mt-2 w-80 bg-white dark:bg-[#0a0a0a] rounded-xl shadow-2xl border border-gray-200 dark:border-gray-800 z-50 overflow-hidden"&gt;\r\n
                            &lt;div class="px-4 py-3 border-b border-gray-100 dark:border-gray-800 flex items-center justify-between"&gt;\r\n
                                &lt;h3 class="text-xs font-bold text-gray-900 dark:text-white uppercase tracking-wider"&gt;Notifikasi&lt;/h3&gt;\r\n
                                                            &lt;/div&gt;\r\n
                            &lt;div class="max-h-96 overflow-y-auto custom-scrollbar"&gt;\r\n
                                                                    &lt;div class="px-4 py-8 text-center"&gt;\r\n
                                        &lt;svg class="w-8 h-8 text-gray-300 dark:text-gray-700 mx-auto" fill="none" stroke="currentColor" viewBox="0 0 24 24"&gt;\r\n
                                            &lt;path stroke-linecap="round" stroke-linejoin="round" stroke-width="1.5" d="M20 13V6a2 2 0 00-2-2H6a2 2 0 00-2 2v7m16 0v5a2 2 0 01-2 2H6a2 2 0 01-2-2v-5m16 0h-2.586a1 1 0 00-.707.293l-2.414 2.414a1 1 0 01-.707.293h-3.172a1 1 0 01-.707-.293l-2.414-2.414A1 1 0 006.586 13H4" /&gt;\r\n
                                        &lt;/svg&gt;\r\n
                                        &lt;p class="text-xs text-gray-500 dark:text-gray-600 mt-2 font-medium"&gt;Tidak ada notifikasi&lt;/p&gt;\r\n
                                    &lt;/div&gt;\r\n
                                                            &lt;/div&gt;\r\n
                        &lt;/div&gt;\r\n
                    &lt;/div&gt;\r\n
\r\n
                    &lt;!-- User Profile Dropdown --&gt;\r\n
                    &lt;div class="relative" x-data="{ open: false }" @click.away="open = false"&gt;\r\n
                        &lt;button @click="open = !open" class="flex items-center gap-2 pl-2 pr-1 py-1 rounded-lg hover:bg-gray-100 dark:hover:bg-gray-900 transition-colors"&gt;\r\n
                            &lt;div class="relative"&gt;\r\n
                                &lt;div class="w-8 h-8 rounded-full bg-gradient-to-br from-emerald-500 to-green-600 flex items-center justify-center text-white text-xs font-bold shadow-sm"&gt;\r\n
                                    A\r\n
                                &lt;/div&gt;\r\n
                                &lt;span class="absolute bottom-0 right-0 w-2.5 h-2.5 bg-emerald-500 border-2 border-white dark:border-[#0a0a0a] rounded-full"&gt;&lt;/span&gt;\r\n
                            &lt;/div&gt;\r\n
                            &lt;div class="hidden md:block text-left"&gt;\r\n
                                &lt;p class="text-xs font-semibold text-gray-900 dark:text-white leading-tight"&gt;Administrator&lt;/p&gt;\r\n
                                &lt;p class="text-[10px] text-gray-500 dark:text-gray-500 leading-tight"&gt;Super Admin&lt;/p&gt;\r\n
                            &lt;/div&gt;\r\n
                            &lt;svg class="w-3 h-3 text-gray-400" fill="none" stroke="currentColor" viewBox="0 0 24 24"&gt;\r\n
                                &lt;path stroke-linecap="round" stroke-linejoin="round" stroke-width="2" d="M19 9l-7 7-7-7" /&gt;\r\n
                            &lt;/svg&gt;\r\n
                        &lt;/button&gt;\r\n
\r\n
                        &lt;div x-show="open" x-cloak class="hidden absolute right-0 mt-2 w-64 bg-white dark:bg-[#0a0a0a] rounded-xl shadow-2xl border border-gray-200 dark:border-gray-800 z-50 overflow-hidden"&gt;\r\n
                            &lt;div class="p-4 border-b border-gray-100 dark:border-gray-800 bg-gradient-to-br from-emerald-50 to-green-50 dark:from-emerald-950/20 dark:to-green-950/20"&gt;\r\n
                                &lt;div class="flex items-center gap-3"&gt;\r\n
                                    &lt;div class="w-10 h-10 rounded-full bg-gradient-to-br from-emerald-500 to-green-600 flex items-center justify-center text-white text-sm font-bold shadow-md"&gt;A&lt;/div&gt;\r\n
                                    &lt;div class="flex-1 min-w-0"&gt;\r\n
                                        &lt;p class="text-sm font-bold text-gray-900 dark:text-white truncate"&gt;Administrator&lt;/p&gt;\r\n
                                        &lt;p class="text-[10px] text-gray-500 dark:text-gray-400 truncate"&gt;admin@scoutmind.id&lt;/p&gt;\r\n
                                    &lt;/div&gt;\r\n
                                &lt;/div&gt;\r\n
                            &lt;/div&gt;\r\n
                            &lt;div class="p-2"&gt;\r\n
                                &lt;a href="http://localhost:8000/admin/settings" class="flex items-center gap-2.5 px-2.5 py-2 text-xs text-gray-700 dark:text-gray-300 hover:bg-gray-100 dark:hover:bg-gray-900 rounded-lg transition-colors"&gt;\r\n
                                    &lt;svg class="w-4 h-4 text-gray-500" fill="none" stroke="currentColor" viewBox="0 0 24 24"&gt;&lt;path stroke-linecap="round" stroke-linejoin="round" stroke-width="2" d="M10.325 4.317c.426-1.756 2.924-1.756 3.35 0a1.724 1.724 0 002.573 1.066c1.543-.94 3.31.826 2.37 2.37a1.724 1.724 0 001.065 2.572c1.756.426 1.756 2.924 0 3.35a1.724 1.724 0 00-1.066 2.573c.94 1.543-.826 3.31-2.37 2.37a1.724 1.724 0 00-2.572 1.065c-.426 1.756-2.924 1.756-3.35 0a1.724 1.724 0 00-2.573-1.066c-1.543.94-3.31-.826-2.37-2.37a1.724 1.724 0 00-1.065-2.572c-1.756-.426-1.756-2.924 0-3.35a1.724 1.724 0 001.066-2.573c-.94-1.543.826-3.31 2.37-2.37.996.608 2.296.07 2.572-1.065z"/&gt;&lt;path stroke-linecap="round" stroke-linejoin="round" stroke-width="2" d="M15 12a3 3 0 11-6 0 3 3 0 016 0z"/&gt;&lt;/svg&gt;\r\n
                                    Pengaturan\r\n
                                &lt;/a&gt;\r\n
                            &lt;/div&gt;\r\n
                            &lt;div class="border-t border-gray-200 dark:border-gray-800 p-2"&gt;\r\n
                                &lt;form method="POST" action="http://localhost:8000/logout"&gt;\r\n
                                    &lt;input type="hidden" name="_token" value="J6E3dBYI2j2wRYAdyRHpUUcA53hYFSshD3XfP1ez" autocomplete="off"&gt;                                    &lt;button type="submit" class="w-full flex items-center gap-2.5 px-2.5 py-2 text-xs text-red-600 dark:text-red-400 hover:bg-red-50 dark:hover:bg-red-950/20 rounded-lg transition-colors"&gt;\r\n
                                        &lt;svg class="w-4 h-4" fill="none" stroke="currentColor" viewBox="0 0 24 24"&gt;&lt;path stroke-linecap="round" stroke-linejoin="round" stroke-width="2" d="M17 16l4-4m0 0l-4-4m4 4H7m6 4v1a3 3 0 01-3 3H6a3 3 0 01-3-3V7a3 3 0 013-3h4a3 3 0 013 3v1"/&gt;&lt;/svg&gt;\r\n
                                        Keluar\r\n
                                    &lt;/button&gt;\r\n
                                &lt;/form&gt;\r\n
                            &lt;/div&gt;\r\n
                        &lt;/div&gt;\r\n
                    &lt;/div&gt;\r\n
                &lt;/div&gt;\r\n
            &lt;/header&gt;\r\n
\r\n
            &lt;!-- Page Content --&gt;\r\n
            &lt;main class="flex-1 overflow-y-auto p-6 bg-gray-50 dark:bg-black"&gt;\r\n
                &lt;div class="max-w-7xl mx-auto"&gt;\r\n
                                            &lt;div class="space-y-6"&gt;\r\n
    &lt;section class="rounded-[2rem] border border-slate-200 bg-white p-6 shadow-sm"&gt;\r\n
        &lt;div class="flex flex-col gap-3 md:flex-row md:items-center md:justify-between"&gt;\r\n
            &lt;div&gt;\r\n
                &lt;h2 class="text-xl font-semibold text-slate-950"&gt;Detail Absensi&lt;/h2&gt;\r\n
                &lt;p class="mt-1 text-sm text-slate-500"&gt;2026-09-08 • X PPLG 1 • Putra • Petugas: Petugas Uji&lt;/p&gt;\r\n
            &lt;/div&gt;\r\n
            &lt;div class="flex gap-2"&gt;\r\n
                &lt;a href="http://localhost:8000/admin/absensi/detail/export/excel?record_date=2026-09-08&amp;amp;participant_kelas=X%20PPLG%201&amp;amp;participant_ambalan=Putra&amp;amp;petugas_name=Petugas%20Uji" class="inline-flex items-center rounded-xl border border-emerald-200 bg-emerald-50 px-4 py-2 text-sm font-medium text-emerald-700 hover:bg-emerald-100"&gt;Export Excel&lt;/a&gt;\r\n
                &lt;a href="http://localhost:8000/admin/absensi/detail/export/pdf?record_date=2026-09-08&amp;amp;participant_kelas=X%20PPLG%201&amp;amp;participant_ambalan=Putra&amp;amp;petugas_name=Petugas%20Uji" class="inline-flex items-center rounded-xl border border-rose-200 bg-rose-50 px-4 py-2 text-sm font-medium text-rose-700 hover:bg-rose-100"&gt;Export PDF&lt;/a&gt;\r\n
                &lt;a href="http://localhost:8000/admin/absensi" class="inline-flex items-center rounded-xl border border-slate-300 bg-white px-4 py-2 text-sm font-medium text-slate-700 hover:bg-slate-50"&gt;Kembali&lt;/a&gt;\r\n
            &lt;/div&gt;\r\n
        &lt;/div&gt;\r\n
\r\n
        &lt;div class="mt-6 overflow-hidden rounded-[1.75rem] border border-slate-200"&gt;\r\n
            &lt;table class="min-w-full divide-y divide-slate-200 text-left text-sm text-slate-700"&gt;\r\n
                &lt;thead class="bg-slate-50"&gt;\r\n
                    &lt;tr&gt;\r\n
                        &lt;th class="px-4 py-3 uppercase tracking-[0.12em] text-slate-500"&gt;Nama Lengkap&lt;/th&gt;\r\n
                        &lt;th class="px-4 py-3 uppercase tracking-[0.12em] text-slate-500"&gt;Ambalan&lt;/th&gt;\r\n
                        &lt;th class="px-4 py-3 uppercase tracking-[0.12em] text-slate-500"&gt;Sangga&lt;/th&gt;\r\n
                        &lt;th class="px-4 py-3 uppercase tracking-[0.12em] text-slate-500"&gt;Keterangan&lt;/th&gt;\r\n
                        &lt;th class="px-4 py-3 uppercase tracking-[0.12em] text-slate-500"&gt;Iuran&lt;/th&gt;\r\n
                    &lt;/tr&gt;\r\n
                &lt;/thead&gt;\r\n
                &lt;tbody class="divide-y divide-slate-200 bg-white"&gt;\r\n
                                            &lt;tr&gt;\r\n
                            &lt;td class="px-4 py-4"&gt;Raisa Pramudya&lt;/td&gt;\r\n
                            &lt;td class="px-4 py-4"&gt;Putra&lt;/td&gt;\r\n
                            &lt;td class="px-4 py-4"&gt;\r\n
                                                                Perintis 1\r\n
                            &lt;/td&gt;\r\n
                            &lt;td class="px-4 py-4"&gt;\r\n
                                &lt;span class="inline-flex rounded-full px-3 py-1 text-xs font-semibold bg-emerald-100 text-emerald-700"&gt;\r\n
                                    Hadir\r\n
                                &lt;/span&gt;\r\n
                            &lt;/td&gt;\r\n
                            &lt;td class="px-4 py-4"&gt;\r\n
                                                                Rp 2.000\r\n
                            &lt;/td&gt;\r\n
                        &lt;/tr&gt;\r\n
                                            &lt;tr&gt;\r\n
                            &lt;td class="px-4 py-4"&gt;Rian Pratama&lt;/td&gt;\r\n
                            &lt;td class="px-4 py-4"&gt;Putra&lt;/td&gt;\r\n
                            &lt;td class="px-4 py-4"&gt;\r\n
                                                                Perintis 2\r\n
                            &lt;/td&gt;\r\n
                            &lt;td class="px-4 py-4"&gt;\r\n
                                &lt;span class="inline-flex rounded-full px-3 py-1 text-xs font-semibold bg-emerald-100 text-emerald-700"&gt;\r\n
                                    Hadir\r\n
                                &lt;/span&gt;\r\n
                            &lt;/td&gt;\r\n
                            &lt;td class="px-4 py-4"&gt;\r\n
                                                                Rp 2.000\r\n
                            &lt;/td&gt;\r\n
                        &lt;/tr&gt;\r\n
                                    &lt;/tbody&gt;\r\n
            &lt;/table&gt;\r\n
        &lt;/div&gt;\r\n
    &lt;/section&gt;\r\n
&lt;/div&gt;\r\n
                                    &lt;/div&gt;\r\n
            &lt;/main&gt;\r\n
        &lt;/div&gt;\r\n
    &lt;/div&gt;\r\n
\r\n
    &lt;!-- ================= TOAST ================= --&gt;\r\n
    &lt;div x-data="{ show: false, title: '', message: '' }" \r\n
         x-on:show-toast.window="show = true; title = $event.detail.title; message = $event.detail.message; setTimeout(() =&gt; show = false, 5000)"\r\n
         x-show="show" \r\n
         x-transition\r\n
         class="fixed bottom-5 right-5 z-50 w-full max-w-sm bg-white dark:bg-[#0a0a0a] rounded-xl shadow-2xl border border-gray-200 dark:border-gray-800 p-4 hidden"&gt;\r\n
        &lt;div class="flex items-start space-x-3"&gt;\r\n
            &lt;div class="flex-shrink-0"&gt;\r\n
                &lt;div class="w-8 h-8 rounded-full bg-green-100 dark:bg-green-950/30 flex items-center justify-center"&gt;\r\n
                    &lt;svg class="w-4 h-4 text-green-600 dark:text-green-400" fill="none" stroke="currentColor" viewBox="0 0 24 24"&gt;\r\n
                        &lt;path stroke-linecap="round" stroke-linejoin="round" stroke-width="2" d="M5 13l4 4L19 7" /&gt;\r\n
                    &lt;/svg&gt;\r\n
                &lt;/div&gt;\r\n
            &lt;/div&gt;\r\n
            &lt;div class="flex-1"&gt;\r\n
                &lt;h3 class="text-xs font-semibold text-gray-900 dark:text-white" x-text="title"&gt;&lt;/h3&gt;\r\n
                &lt;p class="text-[10px] text-gray-500 dark:text-gray-500 mt-1" x-text="message"&gt;&lt;/p&gt;\r\n
            &lt;/div&gt;\r\n
            &lt;button @click="show = false" class="text-[10px] text-gray-400 hover:text-gray-600 dark:hover:text-gray-200 font-medium px-2 py-1 rounded hover:bg-gray-100 dark:hover:bg-gray-900"&gt;Tutup&lt;/button&gt;\r\n
        &lt;/div&gt;\r\n
    &lt;/div&gt;\r\n
\r\n
    \r\n
    &lt;script&gt;\r\n
        // Theme Switcher\r\n
        const themeLight = document.getElementById('theme-light');\r\n
        const themeDark = document.getElementById('theme-dark');\r\n
\r\n
        function updateThemeButtons() {\r\n
            if (!themeLight || !themeDark) {\r\n
                return;\r\n
            }\r\n
\r\n
            const isDark = document.documentElement.classList.contains('dark');\r\n
            if (isDark) {\r\n
                themeDark.classList.add('theme-btn-active');\r\n
                themeLight.classList.remove('theme-btn-active');\r\n
            } else {\r\n
                themeLight.classList.add('theme-btn-active');\r\n
                themeDark.classList.remove('theme-btn-active');\r\n
            }\r\n
        }\r\n
\r\n
        if (localStorage.getItem('color-theme') === 'dark' || (!('color-theme' in localStorage) &amp;&amp; window.matchMedia('(prefers-color-scheme: dark)').matches)) {\r\n
            document.documentElement.classList.add('dark');\r\n
        } else {\r\n
            document.documentElement.classList.remove('dark');\r\n
        }\r\n
\r\n
        updateThemeButtons();\r\n
\r\n
        if (themeLight) {\r\n
            themeLight.addEventListener('click', function() {\r\n
                document.documentElement.classList.remove('dark');\r\n
                localStorage.setItem('color-theme', 'light');\r\n
                updateThemeButtons();\r\n
            });\r\n
        }\r\n
\r\n
        if (themeDark) {\r\n
            themeDark.addEventListener('click', function() {\r\n
                document.documentElement.classList.add('dark');\r\n
                localStorage.setItem('color-theme', 'dark');\r\n
                updateThemeButtons();\r\n
            });\r\n
        }\r\n
\r\n
        // Fullscreen Toggle\r\n
        function toggleFullscreen() {\r\n
            if (!document.fullscreenElement) {\r\n
                document.documentElement.requestFullscreen().catch(() =&gt; {});\r\n
            } else {\r\n
                document.exitFullscreen().catch(() =&gt; {});\r\n
            }\r\n
        }\r\n
\r\n
        document.addEventListener('fullscreenchange', () =&gt; {\r\n
            const adminShell = document.getElementById('admin-shell');\r\n
            if (adminShell &amp;&amp; adminShell.__x) {\r\n
                adminShell.__x.$data.fullscreen = !!document.fullscreenElement;\r\n
            }\r\n
        });\r\n
\r\n
        // Admin navigation remains browser-native so we avoid re-triggering\r\n
        // nested Alpine state updates in dropdowns such as notifications and account menus.\r\n
    &lt;/script&gt;\r\n
\r\n
    &lt;/body&gt;\r\n
&lt;/html&gt;' [UTF-8](length: 49828) contains "Kelas Asal" [ASCII](length: 10).&#13;
at vendor\laravel\framework\src\Illuminate\Testing\TestResponseAssert.php:45
at vendor\laravel\framework\src\Illuminate\Testing\TestResponse.php:711
at tests\Feature\AdminAttendancePetugasAccessTest.php:98</failure>
    </testcase>
  </testsuite>
</testsuites>
